8
9
10
11
12
13
14
16
17
19
21
23
25
28
30
31
32
33
34
37
40
44
49
54
59
65
72
79
87
95
105
115
127
140
154
169
186
204
225
247
250
254
255
256
257
258
262
272
299
329
362
398
438
482
530
583
641
706
776
854
939
1033
1136
1250
1375
1512
1664
1830
2013
2214
2436
2679
2947
3242
3566
3923
4315
4747
5221
5744
6318
6950
7645
8000
8409
9250
10175
11193
12000
12312
13543
14897
16000
16387
18026
19829
21811
23993
26392
29031
30000
31934
35000
35127
38640
40000
42504
45000
46755
51430
55000
56573
60000
62230
80000
100000
120000
